<?xml version="1.0" encoding="UTF-8"?>
<!-- Generated by org.testng.reporters.JUnitXMLReporter -->
<testsuite hostname="DESKTOP-56UM7GO" ignored="0" name="Test" tests="6" failures="0" timestamp="2022-01-05T13:26:11 IST" time="16.99" errors="0">
  <testcase name="login" time="7.542" classname="ecommerce.ecom"/>
  <testcase name="get_all_product" time="3.071" classname="ecommerce.ecom"/>
  <testcase name="create_product" time="1.603" classname="ecommerce.ecom"/>
  <testcase name="get_product_by_id" time="1.55" classname="ecommerce.ecom"/>
  <testcase name="update_product_by_id" time="1.543" classname="ecommerce.ecom"/>
  <testcase name="delete" time="1.595" classname="ecommerce.ecom"/>
</testsuite> <!-- Test -->
