<?xml version="1.0" encoding="UTF-8"?>
<!-- Generated by org.testng.reporters.JUnitXMLReporter -->
<testsuite hostname="DESKTOP-56UM7GO" ignored="0" name="Default test" tests="6" failures="0" timestamp="2022-01-08T21:23:27 IST" time="20.693" errors="0">
  <testcase name="login" time="8.012" classname="ecommerce.ecom"/>
  <testcase name="get_all_product" time="5.219" classname="ecommerce.ecom"/>
  <testcase name="create_product" time="1.918" classname="ecommerce.ecom"/>
  <testcase name="get_product_by_id" time="1.816" classname="ecommerce.ecom"/>
  <testcase name="update_product_by_id" time="1.793" classname="ecommerce.ecom"/>
  <testcase name="delete" time="1.83" classname="ecommerce.ecom"/>
</testsuite> <!-- Default test -->
